<?xml version="1.0" encoding="UTF-8"?>
<testsuite xmlns:xsi="http://www.w3.org/2001/XMLSchema-instance" xsi:noNamespaceSchemaLocation="https://maven.apache.org/surefire/maven-surefire-plugin/xsd/surefire-test-report-3.0.xsd" version="3.0" name="VehicleSystemTest" time="0.641" tests="5" errors="0" skipped="0" failures="0">
  <properties>
[...]
</properties>
  <testcase name="techLicenseEligibility" classname="VehicleSystemTest" time="0.285"/>
  <testcase name="testFinancePooling" classname="VehicleSystemTest" time="0.031">
    <system-out><![CDATA[Funds Pooled. Current Balance: 1000.0
Funds Pooled. Current Balance: 1500.0
]]></system-out>
  </testcase>
  <testcase name="testExamination" classname="VehicleSystemTest" time="0.02"/>
  <testcase name="testVechicleRegistrationOwner" classname="VehicleSystemTest" time="0.027">
    <system-out><![CDATA[Vehicle registered to: Ganesh
]]></system-out>
  </testcase>
  <testcase name="testUserLogin" classname="VehicleSystemTest" time="0.014">
    <system-out><![CDATA[Account created for: Ganesh
]]></system-out>
  </testcase>
</testsuite>